[1540680694.559][INFO]: COMMAND InitSession {
   "capabilities": {
      "alwaysMatch": {
         "browserName": "chrome",
         "platformName": "any"
      },
      "firstMatch": [ {

      } ]
   },
   "desiredCapabilities": {
      "browserName": "chrome",
      "platform": "ANY",
      "version": ""
   }
}
[1540680694.560][INFO]: Populating Preferences file: {
   "alternate_error_pages": {
      "enabled": false
   },
   "autofill": {
      "enabled": false
   },
   "browser": {
      "check_default_browser": false
   },
   "distribution": {
      "import_bookmarks": false,
      "import_history": false,
      "import_search_engine": false,
      "make_chrome_default_for_user": false,
      "skip_first_run_ui": true
   },
   "dns_prefetching": {
      "enabled": false
   },
   "profile": {
      "content_settings": {
         "pattern_pairs": {
            "https://*,*": {
               "media-stream": {
                  "audio": "Default",
                  "video": "Default"
               }
            }
         }
      },
      "default_content_setting_values": {
         "geolocation": 1
      },
      "default_content_settings": {
         "geolocation": 1,
         "mouselock": 1,
         "notifications": 1,
         "popups": 1,
         "ppapi-broker": 1
      },
      "password_manager_enabled": false
   },
   "safebrowsing": {
      "enabled": false
   },
   "search": {
      "suggest_enabled": false
   },
   "translate": {
      "enabled": false
   }
}
[1540680694.560][INFO]: Populating Local State file: {
   "background_mode": {
      "enabled": false
   },
   "ssl": {
      "rev_checking": {
         "enabled": false
      }
   }
}
[1540680694.561][INFO]: Launching chrome: /usr/lib/chromium/chrome --disable-background-networking --disable-client-side-phishing-detection --disable-default-apps --disable-hang-monitor --disable-popup-blocking --disable-prompt-on-repost --disable-sync --disable-web-resources --enable-automation --enable-logging --force-fieldtrials=SiteIsolationExtensions/Control --ignore-certificate-errors --load-extension=/tmp/.org.chromium.Chromium.HHoOcM/internal --log-level=0 --metrics-recording-only --no-first-run --password-store=basic --remote-debugging-port=0 --test-type=webdriver --use-mock-keychain --user-data-dir=/tmp/.org.chromium.Chromium.KofoDl data:,
[1027/225134.748137:WARNING:discardable_shared_memory_manager.cc(181)] Less than 64MB of free space in temporary directory for shared memory files: 53
[1027/225134.748870:WARNING:dns_config_service_posix.cc(333)] Failed to read DnsConfig.
[1027/225134.754285:ERROR:gpu_process_transport_factory.cc(1016)] Lost UI shared context.

DevTools listening on ws://127.0.0.1:44787/devtools/browser/69539670-fc06-48ad-bc60-92b7180dcb2a
[1540680694.763][DEBUG]: DevTools request: http://localhost:44787/json/version
[1540680694.786][DEBUG]: DevTools response: {
   "Browser": "HeadlessChrome/68.0.3440.75",
   "Protocol-Version": "1.3",
   "User-Agent": "Mozilla/5.0 (X11; Linux x86_64) AppleWebKit/537.36 (KHTML, like Gecko) HeadlessChrome/68.0.3440.75 Safari/537.36",
   "V8-Version": "6.8.275.24",
   "WebKit-Version": "537.36 (@cf598d63a4f1b9e7cd14f2a8433276b196e3e07d)",
   "webSocketDebuggerUrl": "ws://localhost:44787/devtools/browser/69539670-fc06-48ad-bc60-92b7180dcb2a"
}

[1540680694.786][DEBUG]: DevTools request: http://localhost:44787/json
[1540680694.797][DEBUG]: DevTools response: [ {
   "description": "",
   "devtoolsFrontendUrl": "/devtools/inspector.html?ws=localhost:44787/devtools/page/90B92FC7AFD7FFC7CAE6A7EF19E226C7",
   "id": "90B92FC7AFD7FFC7CAE6A7EF19E226C7",
   "title": "",
   "type": "page",
   "url": "data:,",
   "webSocketDebuggerUrl": "ws://localhost:44787/devtools/page/90B92FC7AFD7FFC7CAE6A7EF19E226C7"
} ]

[1540680694.797][DEBUG]: DevTools request: http://localhost:44787/json
[1540680694.798][DEBUG]: DevTools response: [ {
   "description": "",
   "devtoolsFrontendUrl": "/devtools/inspector.html?ws=localhost:44787/devtools/page/90B92FC7AFD7FFC7CAE6A7EF19E226C7",
   "id": "90B92FC7AFD7FFC7CAE6A7EF19E226C7",
   "title": "",
   "type": "page",
   "url": "data:,",
   "webSocketDebuggerUrl": "ws://localhost:44787/devtools/page/90B92FC7AFD7FFC7CAE6A7EF19E226C7"
} ]

[1540680694.798][INFO]: resolved localhost to ["127.0.0.1","::1"]
[1540680694.810][DEBUG]: DEVTOOLS COMMAND Log.enable (id=1) {

}
[1540680694.811][DEBUG]: DEVTOOLS COMMAND DOM.getDocument (id=2) {

}
[1540680694.811][DEBUG]: DEVTOOLS COMMAND Target.setAutoAttach (id=3) {
   "autoAttach": true,
   "waitForDebuggerOnStart": false
}
[1540680694.811][DEBUG]: DEVTOOLS COMMAND Page.enable (id=4) {

}
[1540680694.811][DEBUG]: DEVTOOLS COMMAND Page.enable (id=5) {

}
[1540680694.829][DEBUG]: DEVTOOLS RESPONSE Log.enable (id=1) {

}
[1540680694.830][DEBUG]: DEVTOOLS RESPONSE DOM.getDocument (id=2) {
   "root": {
      "backendNodeId": 1,
      "baseURL": "about:blank",
      "childNodeCount": 1,
      "children": [ {
         "attributes": [  ],
         "backendNodeId": 2,
         "childNodeCount": 2,
         "children": [ {
            "attributes": [  ],
            "backendNodeId": 3,
            "childNodeCount": 0,
            "localName": "head",
            "nodeId": 3,
            "nodeName": "HEAD",
            "nodeType": 1,
            "nodeValue": "",
            "parentId": 2
         }, {
            "attributes": [  ],
            "backendNodeId": 4,
            "childNodeCount": 0,
            "localName": "body",
            "nodeId": 4,
            "nodeName": "BODY",
            "nodeType": 1,
            "nodeValue": "",
            "parentId": 2
         } ],
         "frameId": "90B92FC7AFD7FFC7CAE6A7EF19E226C7",
         "localName": "html",
         "nodeId": 2,
         "nodeName": "HTML",
         "nodeType": 1,
         "nodeValue": "",
         "parentId": 1
      } ],
      "documentURL": "",
      "localName": "",
      "nodeId": 1,
      "nodeName": "#document",
      "nodeType": 9,
      "nodeValue": "",
      "xmlVersion": ""
   }
}
[1540680694.830][DEBUG]: DEVTOOLS RESPONSE Target.setAutoAttach (id=3) {

}
[1540680694.831][DEBUG]: DEVTOOLS RESPONSE Page.enable (id=4) {

}
[1540680694.831][DEBUG]: DEVTOOLS RESPONSE Page.enable (id=5) {

}
[1540680694.831][DEBUG]: DEVTOOLS COMMAND Runtime.enable (id=6) {

}
[1540680694.841][DEBUG]: DEVTOOLS EVENT Page.frameNavigated {
   "frame": {
      "id": "90B92FC7AFD7FFC7CAE6A7EF19E226C7",
      "loaderId": "44BF6A80D59B80CA4CDE9DE9884025C1",
      "mimeType": "text/plain",
      "securityOrigin": "://",
      "url": "data:,"
   }
}
[1540680694.841][DEBUG]: DEVTOOLS EVENT DOM.documentUpdated {

}
[1540680694.841][DEBUG]: DEVTOOLS COMMAND DOM.getDocument (id=7) {

}
[1540680694.841][DEBUG]: DEVTOOLS EVENT Page.loadEventFired {
   "timestamp": 31487.876421
}
[1540680694.841][DEBUG]: DEVTOOLS EVENT Page.frameStoppedLoading {
   "frameId": "90B92FC7AFD7FFC7CAE6A7EF19E226C7"
}
[1540680694.841][DEBUG]: DEVTOOLS EVENT DOM.documentUpdated {

}
[1540680694.841][DEBUG]: DEVTOOLS COMMAND DOM.getDocument (id=8) {

}
[1540680694.842][DEBUG]: DEVTOOLS EVENT Page.domContentEventFired {
   "timestamp": 31487.877455
}
[1540680694.847][DEBUG]: DEVTOOLS EVENT Runtime.executionContextCreated {
   "context": {
      "auxData": {
         "frameId": "90B92FC7AFD7FFC7CAE6A7EF19E226C7",
         "isDefault": true
      },
      "id": 1,
      "name": "",
      "origin": "://"
   }
}
[1540680694.847][DEBUG]: DEVTOOLS RESPONSE Runtime.enable (id=6) {

}
[1540680694.848][DEBUG]: DEVTOOLS RESPONSE DOM.getDocument (id=7) {
   "root": {
      "backendNodeId": 5,
      "baseURL": "data:,",
      "childNodeCount": 1,
      "children": [ {
         "attributes": [  ],
         "backendNodeId": 6,
         "childNodeCount": 2,
         "children": [ {
            "attributes": [  ],
            "backendNodeId": 7,
            "childNodeCount": 0,
            "localName": "head",
            "nodeId": 7,
            "nodeName": "HEAD",
            "nodeType": 1,
            "nodeValue": "",
            "parentId": 6
         }, {
            "attributes": [  ],
            "backendNodeId": 8,
            "childNodeCount": 0,
            "localName": "body",
            "nodeId": 8,
            "nodeName": "BODY",
            "nodeType": 1,
            "nodeValue": "",
            "parentId": 6
         } ],
         "frameId": "90B92FC7AFD7FFC7CAE6A7EF19E226C7",
         "localName": "html",
         "nodeId": 6,
         "nodeName": "HTML",
         "nodeType": 1,
         "nodeValue": "",
         "parentId": 5
      } ],
      "documentURL": "data:,",
      "localName": "",
      "nodeId": 5,
      "nodeName": "#document",
      "nodeType": 9,
      "nodeValue": "",
      "xmlVersion": ""
   }
}
[1540680694.848][DEBUG]: DEVTOOLS RESPONSE DOM.getDocument (id=8) {
   "root": {
      "backendNodeId": 5,
      "baseURL": "data:,",
      "childNodeCount": 1,
      "children": [ {
         "attributes": [  ],
         "backendNodeId": 6,
         "childNodeCount": 2,
         "children": [ {
            "attributes": [  ],
            "backendNodeId": 7,
            "childNodeCount": 0,
            "localName": "head",
            "nodeId": 11,
            "nodeName": "HEAD",
            "nodeType": 1,
            "nodeValue": "",
            "parentId": 10
         }, {
            "attributes": [  ],
            "backendNodeId": 8,
            "childNodeCount": 0,
            "localName": "body",
            "nodeId": 12,
            "nodeName": "BODY",
            "nodeType": 1,
            "nodeValue": "",
            "parentId": 10
         } ],
         "frameId": "90B92FC7AFD7FFC7CAE6A7EF19E226C7",
         "localName": "html",
         "nodeId": 10,
         "nodeName": "HTML",
         "nodeType": 1,
         "nodeValue": "",
         "parentId": 9
      } ],
      "documentURL": "data:,",
      "localName": "",
      "nodeId": 9,
      "nodeName": "#document",
      "nodeType": 9,
      "nodeValue": "",
      "xmlVersion": ""
   }
}
[1540680694.849][DEBUG]: DEVTOOLS COMMAND Page.enable (id=9) {

}
[1540680694.850][DEBUG]: DEVTOOLS RESPONSE Page.enable (id=9) {

}
[1540680694.850][DEBUG]: DEVTOOLS COMMAND Runtime.enable (id=10) {

}
[1540680694.850][DEBUG]: DEVTOOLS RESPONSE Runtime.enable (id=10) {

}
[1540680694.851][DEBUG]: DEVTOOLS COMMAND Runtime.evaluate (id=11) {
   "expression": "(function() { // Copyright (c) 2012 The Chromium Authors. All rights reserved.\n// Use of this source code is governed by a BSD-style license that can be\n// found in the LICENSE file.\n\n/**\n * Enum f...",
   "returnByValue": true
}
[1540680694.883][DEBUG]: DEVTOOLS RESPONSE Runtime.evaluate (id=11) {
   "result": {
      "type": "object",
      "value": {
         "status": 0,
         "value": 1
      }
   }
}
[1540680694.883][INFO]: RESPONSE InitSession {
   "acceptInsecureCerts": false,
   "acceptSslCerts": false,
   "applicationCacheEnabled": false,
   "browserConnectionEnabled": false,
   "browserName": "chrome",
   "chrome": {
      "chromedriverVersion": "2.38 (f91d32489882be7df38da3422a19713bfd113fa5)",
      "userDataDir": "/tmp/.org.chromium.Chromium.KofoDl"
   },
   "cssSelectorsEnabled": true,
   "databaseEnabled": false,
   "goog:chromeOptions": {
      "debuggerAddress": "localhost:44787"
   },
   "handlesAlerts": true,
   "hasTouchScreen": false,
   "javascriptEnabled": true,
   "locationContextEnabled": true,
   "mobileEmulationEnabled": false,
   "nativeEvents": true,
   "networkConnectionEnabled": false,
   "pageLoadStrategy": "normal",
   "platform": "Linux",
   "rotatable": false,
   "~~~": "..."
}
[1540680694.887][INFO]: COMMAND SetScriptTimeout {
   "ms": 5000.0,
   "sessionId": "66fac0da20915a54999ea59144277b1c"
}
[1540680694.887][INFO]: RESPONSE SetScriptTimeout
[1540680694.889][INFO]: COMMAND SetImplicitWait {
   "ms": 0.0,
   "sessionId": "66fac0da20915a54999ea59144277b1c"
}
[1540680694.889][INFO]: RESPONSE SetImplicitWait
[1540680694.891][INFO]: COMMAND Navigate {
   "sessionId": "66fac0da20915a54999ea59144277b1c",
   "url": "http://ufp-env-handlebars2:3000"
}
[1540680694.891][INFO]: Waiting for pending navigations...
[1540680694.891][DEBUG]: DEVTOOLS COMMAND Runtime.evaluate (id=12) {
   "expression": "1"
}
[1540680694.892][DEBUG]: DEVTOOLS RESPONSE Runtime.evaluate (id=12) {
   "result": {
      "description": "1",
      "type": "number",
      "value": 1
   }
}
[1540680694.892][INFO]: Done waiting for pending navigations. Status: ok
[1540680694.892][DEBUG]: DEVTOOLS COMMAND Page.navigate (id=13) {
   "url": "http://ufp-env-handlebars2:3000"
}
[1540680694.911][DEBUG]: DEVTOOLS RESPONSE Page.navigate (id=13) {
   "frameId": "90B92FC7AFD7FFC7CAE6A7EF19E226C7",
   "loaderId": "279A96BA61E30ED3A2941FF237777233"
}
[1540680694.911][DEBUG]: DEVTOOLS COMMAND Runtime.evaluate (id=14) {
   "expression": "document.URL"
}
[1027/225134.919454:ERROR:gl_implementation.cc(292)] Failed to load /usr/lib/chromium/swiftshader/libGLESv2.so: Error loading shared library /usr/lib/chromium/swiftshader/libGLESv2.so: No such file or directory
[1027/225134.923191:ERROR:viz_main_impl.cc(201)] Exiting GPU process due to errors during initialization
[1540680694.943][DEBUG]: DEVTOOLS EVENT Runtime.executionContextsCleared {

}
[1540680694.944][DEBUG]: DEVTOOLS EVENT Page.frameStartedLoading {
   "frameId": "90B92FC7AFD7FFC7CAE6A7EF19E226C7"
}
[1540680694.961][DEBUG]: DEVTOOLS EVENT Runtime.executionContextsCleared {

}
[1540680694.961][DEBUG]: DEVTOOLS EVENT Page.frameNavigated {
   "frame": {
      "id": "90B92FC7AFD7FFC7CAE6A7EF19E226C7",
      "loaderId": "279A96BA61E30ED3A2941FF237777233",
      "mimeType": "text/html",
      "securityOrigin": "http://ufp-env-handlebars2:3000",
      "url": "http://ufp-env-handlebars2:3000/"
   }
}
[1540680694.962][DEBUG]: DEVTOOLS EVENT Runtime.executionContextCreated {
   "context": {
      "auxData": {
         "frameId": "90B92FC7AFD7FFC7CAE6A7EF19E226C7",
         "isDefault": true
      },
      "id": 1,
      "name": "",
      "origin": "http://ufp-env-handlebars2:3000"
   }
}
[1540680694.962][DEBUG]: DEVTOOLS EVENT DOM.documentUpdated {

}
[1540680694.962][DEBUG]: DEVTOOLS COMMAND DOM.getDocument (id=15) {

}
[1540680694.968][DEBUG]: DEVTOOLS RESPONSE Runtime.evaluate (id=14) {
   "result": {
      "type": "string",
      "value": "http://ufp-env-handlebars2:3000/"
   }
}
[1540680694.969][DEBUG]: DEVTOOLS RESPONSE DOM.getDocument (id=15) {
   "root": {
      "backendNodeId": 1,
      "baseURL": "http://ufp-env-handlebars2:3000/",
      "childNodeCount": 0,
      "children": [  ],
      "documentURL": "http://ufp-env-handlebars2:3000/",
      "localName": "",
      "nodeId": 1,
      "nodeName": "#document",
      "nodeType": 9,
      "nodeValue": "",
      "xmlVersion": ""
   }
}
[1540680694.969][INFO]: Waiting for pending navigations...
[1540680694.969][DEBUG]: DEVTOOLS COMMAND Runtime.evaluate (id=16) {
   "expression": "1"
}
[1540680694.972][DEBUG]: DEVTOOLS EVENT DOM.childNodeInserted {
   "node": {
      "backendNodeId": 2,
      "localName": "",
      "nodeId": 2,
      "nodeName": "html",
      "nodeType": 10,
      "nodeValue": "",
      "publicId": "",
      "systemId": ""
   },
   "parentNodeId": 1,
   "previousNodeId": 0
}
[1540680694.972][DEBUG]: DEVTOOLS EVENT DOM.childNodeInserted {
   "node": {
      "attributes": [ "lang", "en" ],
      "backendNodeId": 3,
      "childNodeCount": 0,
      "frameId": "90B92FC7AFD7FFC7CAE6A7EF19E226C7",
      "localName": "html",
      "nodeId": 3,
      "nodeName": "HTML",
      "nodeType": 1,
      "nodeValue": ""
   },
   "parentNodeId": 1,
   "previousNodeId": 2
}
[1540680694.972][DEBUG]: DEVTOOLS EVENT DOM.childNodeCountUpdated {
   "childNodeCount": 1,
   "nodeId": 3
}
[1540680694.972][DEBUG]: DEVTOOLS RESPONSE Runtime.evaluate (id=16) {
   "result": {
      "description": "1",
      "type": "number",
      "value": 1
   }
}
[1540680700.194][DEBUG]: DEVTOOLS EVENT DOM.childNodeCountUpdated {
   "childNodeCount": 2,
   "nodeId": 3
}
[1540680700.195][DEBUG]: DEVTOOLS EVENT DOM.childNodeCountUpdated {
   "childNodeCount": 1,
   "nodeId": 3
}
[1540680700.195][DEBUG]: DEVTOOLS EVENT DOM.childNodeCountUpdated {
   "childNodeCount": 2,
   "nodeId": 3
}
[1540680700.195][DEBUG]: DEVTOOLS EVENT DOM.childNodeCountUpdated {
   "childNodeCount": 1,
   "nodeId": 3
}
[1540680700.195][DEBUG]: DEVTOOLS EVENT DOM.childNodeCountUpdated {
   "childNodeCount": 2,
   "nodeId": 3
}
[1540680700.195][DEBUG]: DEVTOOLS EVENT DOM.childNodeCountUpdated {
   "childNodeCount": 1,
   "nodeId": 3
}
[1540680700.195][DEBUG]: DEVTOOLS EVENT DOM.childNodeCountUpdated {
   "childNodeCount": 2,
   "nodeId": 3
}
[1540680700.195][DEBUG]: DEVTOOLS EVENT Page.frameAttached {
   "frameId": "8558F50B6F475DDC66DECF786FDF9CB8",
   "parentFrameId": "90B92FC7AFD7FFC7CAE6A7EF19E226C7"
}
[1540680700.195][DEBUG]: DEVTOOLS COMMAND Runtime.evaluate (id=17) {
   "expression": "1"
}
[1540680700.206][DEBUG]: DEVTOOLS EVENT Page.frameStartedLoading {
   "frameId": "8558F50B6F475DDC66DECF786FDF9CB8"
}
[1540680700.207][DEBUG]: DEVTOOLS EVENT DOM.documentUpdated {

}
[1540680700.207][DEBUG]: DEVTOOLS COMMAND DOM.getDocument (id=18) {

}
[1540680700.207][DEBUG]: DEVTOOLS EVENT Page.domContentEventFired {
   "timestamp": 31493.243897
}
[1540680700.255][DEBUG]: DEVTOOLS RESPONSE Runtime.evaluate (id=17) {
   "result": {
      "description": "1",
      "type": "number",
      "value": 1
   }
}
[1540680700.256][DEBUG]: DEVTOOLS RESPONSE DOM.getDocument (id=18) {
   "root": {
      "backendNodeId": 1,
      "baseURL": "http://ufp-env-handlebars2:3000/",
      "childNodeCount": 2,
      "children": [ {
         "backendNodeId": 2,
         "localName": "",
         "nodeId": 5,
         "nodeName": "html",
         "nodeType": 10,
         "nodeValue": "",
         "parentId": 4,
         "publicId": "",
         "systemId": ""
      }, {
         "attributes": [ "lang", "en" ],
         "backendNodeId": 3,
         "childNodeCount": 2,
         "children": [ {
            "attributes": [  ],
            "backendNodeId": 4,
            "childNodeCount": 7,
            "localName": "head",
            "nodeId": 7,
            "nodeName": "HEAD",
            "nodeType": 1,
            "nodeValue": "",
            "parentId": 6
         }, {
            "attributes": [  ],
            "backendNodeId": 5,
            "childNodeCount": 4,
            "localName": "body",
            "nodeId": 8,
            "nodeName": "BODY",
            "nodeType": 1,
            "nodeValue": "",
            "parentId": 6
         } ],
         "frameId": "90B92FC7AFD7FFC7CAE6A7EF19E226C7",
         "localName": "html",
         "nodeId": 6,
         "nodeName": "HTML",
         "nodeType": 1,
         "nodeValue": "",
         "parentId": 4
      } ],
      "documentURL": "http://ufp-env-handlebars2:3000/",
      "localName": "",
      "nodeId": 4,
      "nodeName": "#document",
      "nodeType": 9,
      "nodeValue": "",
      "xmlVersion": ""
   }
}
[1540680700.263][DEBUG]: DEVTOOLS EVENT Page.frameNavigated {
   "frame": {
      "id": "8558F50B6F475DDC66DECF786FDF9CB8",
      "loaderId": "33C8DA15C589235EFB12D573080D24DF",
      "mimeType": "text/html",
      "name": "content",
      "parentId": "90B92FC7AFD7FFC7CAE6A7EF19E226C7",
      "securityOrigin": "http://ufp-env-handlebars2:3000",
      "url": "http://ufp-env-handlebars2:3000/welcome.html"
   }
}
[1540680700.263][DEBUG]: DEVTOOLS EVENT Runtime.executionContextCreated {
   "context": {
      "auxData": {
         "frameId": "8558F50B6F475DDC66DECF786FDF9CB8",
         "isDefault": true
      },
      "id": 2,
      "name": "",
      "origin": "http://ufp-env-handlebars2:3000"
   }
}
[1540680700.263][DEBUG]: DEVTOOLS COMMAND Runtime.evaluate (id=19) {
   "expression": "1"
}
[1540680700.265][DEBUG]: DEVTOOLS RESPONSE Runtime.evaluate (id=19) {
   "result": {
      "description": "1",
      "type": "number",
      "value": 1
   }
}
[1540680700.344][DEBUG]: DEVTOOLS EVENT Page.frameStoppedLoading {
   "frameId": "8558F50B6F475DDC66DECF786FDF9CB8"
}
[1540680700.344][DEBUG]: DEVTOOLS EVENT Page.loadEventFired {
   "timestamp": 31493.380727
}
[1540680700.344][DEBUG]: DEVTOOLS EVENT Page.frameStoppedLoading {
   "frameId": "90B92FC7AFD7FFC7CAE6A7EF19E226C7"
}
[1540680700.344][DEBUG]: DEVTOOLS COMMAND Runtime.evaluate (id=20) {
   "expression": "1"
}
[1540680700.355][DEBUG]: DEVTOOLS RESPONSE Runtime.evaluate (id=20) {
   "result": {
      "description": "1",
      "type": "number",
      "value": 1
   }
}
[1540680700.356][INFO]: Done waiting for pending navigations. Status: ok
[1540680700.356][INFO]: RESPONSE Navigate
[1540680700.359][INFO]: COMMAND FindElements {
   "sessionId": "66fac0da20915a54999ea59144277b1c",
   "using": "xpath",
   "value": "//*[contains(., 'UFP')]"
}
[1540680700.360][INFO]: Waiting for pending navigations...
[1540680700.360][DEBUG]: DEVTOOLS COMMAND Runtime.evaluate (id=21) {
   "expression": "1"
}
[1540680700.363][DEBUG]: DEVTOOLS RESPONSE Runtime.evaluate (id=21) {
   "result": {
      "description": "1",
      "type": "number",
      "value": 1
   }
}
[1540680700.363][INFO]: Done waiting for pending navigations. Status: ok
[1540680700.368][DEBUG]: DEVTOOLS COMMAND Runtime.evaluate (id=22) {
   "expression": "(function() { // Copyright (c) 2012 The Chromium Authors. All rights reserved.\n// Use of this source code is governed by a BSD-style license that can be\n// found in the LICENSE file.\n\n/**\n * Enum f...",
   "returnByValue": true
}
[1540680700.411][DEBUG]: DEVTOOLS RESPONSE Runtime.evaluate (id=22) {
   "result": {
      "type": "object",
      "value": {
         "status": 0,
         "value": [ {
            "ELEMENT": "0.2871919614816689-1"
         }, {
            "ELEMENT": "0.2871919614816689-2"
         }, {
            "ELEMENT": "0.2871919614816689-3"
         }, {
            "ELEMENT": "0.2871919614816689-4"
         } ]
      }
   }
}
[1540680700.411][INFO]: Waiting for pending navigations...
[1540680700.411][DEBUG]: DEVTOOLS COMMAND Runtime.evaluate (id=23) {
   "expression": "1"
}
[1540680700.413][DEBUG]: DEVTOOLS RESPONSE Runtime.evaluate (id=23) {
   "result": {
      "description": "1",
      "type": "number",
      "value": 1
   }
}
[1540680700.413][INFO]: Done waiting for pending navigations. Status: ok
[1540680700.413][INFO]: RESPONSE FindElements [ {
   "ELEMENT": "0.2871919614816689-1"
}, {
   "ELEMENT": "0.2871919614816689-2"
}, {
   "ELEMENT": "0.2871919614816689-3"
}, {
   "ELEMENT": "0.2871919614816689-4"
} ]
[1540680700.417][INFO]: COMMAND Screenshot {

}
[1540680700.417][INFO]: Waiting for pending navigations...
[1540680700.417][DEBUG]: DEVTOOLS COMMAND Runtime.evaluate (id=24) {
   "expression": "1"
}
[1540680700.418][DEBUG]: DEVTOOLS RESPONSE Runtime.evaluate (id=24) {
   "result": {
      "description": "1",
      "type": "number",
      "value": 1
   }
}
[1540680700.418][INFO]: Done waiting for pending navigations. Status: ok
[1540680700.418][DEBUG]: DevTools request: http://localhost:44787/json/activate/90B92FC7AFD7FFC7CAE6A7EF19E226C7
[1540680700.419][DEBUG]: DevTools response: Target activated
[1540680700.419][DEBUG]: DEVTOOLS COMMAND Page.captureScreenshot (id=25) {

}
[1540680700.929][DEBUG]: DEVTOOLS RESPONSE Page.captureScreenshot (id=25) {
   "data": "iVBORw0KGgoAAAANSUhEUgAAB4AAAAQ4CAYAAADo08FDAAAABHNCSVQICAgIfAhkiAAAIABJREFUeJzs3XdUVNfCxuEXFKUIqIANsYOCvWCNir33nhg1ajSJ6cXEm95zYxJNT26qLfaKXRN7L4gF7CAoigUUpLfvj5GREQYGxBK+37OWK8M5u53DzEB4Z+9tlZiUn..."
}
[1540680700.929][INFO]: Waiting for pending navigations...
[1540680700.929][DEBUG]: DEVTOOLS COMMAND Runtime.evaluate (id=26) {
   "expression": "1"
}
[1540680700.931][DEBUG]: DEVTOOLS RESPONSE Runtime.evaluate (id=26) {
   "result": {
      "description": "1",
      "type": "number",
      "value": 1
   }
}
[1540680700.931][INFO]: Done waiting for pending navigations. Status: ok
[1540680700.931][INFO]: RESPONSE Screenshot "iVBORw0KGgoAAAANSUhEUgAAB4AAAAQ4CAYAAADo08FDAAAABHNCSVQICAgIfAhkiAAAIABJREFUeJzs3XdUVNfCxuEXFKUIqIANsYOCvWCNir33nhg1ajSJ6cXEm95zYxJNT26qLfaKXRN7L4gF7CAoigUUpLfvj5GREQYGxBK+37OWK8M5u53DzEB4Z+9tlZiUn..."
